<?xml version="1.0" encoding="UTF-8"?>
<!-- Generated by org.testng.reporters.JUnitReportReporter -->
<testsuite hostname="Gaurav" failures="0" tests="1" name="TestClasses.Post_TC" time="1.266" errors="0" timestamp="2023-06-26T21:25:49 IST" skipped="0">
  <testcase classname="TestClasses.Post_TC" name="extractor" time="1.266"/>
  <system-out/>
</testsuite> <!-- TestClasses.Post_TC -->
