<?xml version="1.0" encoding="UTF-8"?>
<!-- Generated by org.testng.reporters.JUnitReportReporter -->
<testsuite hostname="Gaurav" failures="0" tests="1" name="TestClasses.Patch_TC" time="7.943" errors="0" timestamp="2023-06-26T21:25:49 IST" skipped="0">
  <testcase classname="TestClasses.Patch_TC" name="extractor" time="7.943"/>
  <system-out/>
</testsuite> <!-- TestClasses.Patch_TC -->
