<?xml version="1.0" encoding="UTF-8"?>
<!-- Generated by org.testng.reporters.JUnitReportReporter -->
<testsuite hostname="Gaurav" failures="0" tests="1" name="TestClasses.Get_TC" time="0.536" errors="0" timestamp="2023-06-26T21:25:49 IST" skipped="0">
  <testcase classname="TestClasses.Get_TC" name="extractor" time="0.536"/>
  <system-out/>
</testsuite> <!-- TestClasses.Get_TC -->
